<?xml version="1.0" encoding="UTF-8"?>
<testsuite xmlns:xsi="http://www.w3.org/2001/XMLSchema-instance" xsi:noNamespaceSchemaLocation="https://maven.apache.org/surefire/maven-surefire-plugin/xsd/surefire-test-report.xsd" name="com.checkpeople.controller.DeveloperControllerTest" time="0.658" tests="9" errors="0" skipped="0" failures="0">
  <properties>
    <property name="sun.desktop" value="windows"/>
    <property name="awt.toolkit" value="sun.awt.windows.WToolkit"/>
    <property name="file.encoding.pkg" value="sun.io"/>
    <property name="java.specification.version" value="1.8"/>
    <property name="sun.cpu.isalist" value="amd64"/>
    <property name="sun.jnu.encoding" value="Cp1252"/>
    <property name="java.class.path" value="C:\Users\joaopaulo.santos\Downloads\eclipse\workspace\rest-api\target\test-classes;C:\Users\joaopaulo.santos\Downloads\eclipse\workspace\rest-api\target\classes;C:\Users\joaopaulo.santos\.m2\repository\com\sparkjava\spark-core\2.7.2\spark-core-2.7.2.jar;C:\Users\joaopaulo.santos\.m2\repository\org\slf4j\slf4j-api\1.7.13\slf4j-api-1.7.13.jar;C:\Users\joaopaulo.santos\.m2\repository\org\eclipse\jetty\jetty-server\9.4.8.v20171121\jetty-server-9.4.8.v20171121.jar;C:\Users\joaopaulo.santos\.m2\repository\javax\servlet\javax.servlet-api\3.1.0\javax.servlet-api-3.1.0.jar;C:\Users\joaopaulo.santos\.m2\repository\org\eclipse\jetty\jetty-http\9.4.8.v20171121\jetty-http-9.4.8.v20171121.jar;C:\Users\joaopaulo.santos\.m2\repository\org\eclipse\jetty\jetty-util\9.4.8.v20171121\jetty-util-9.4.8.v20171121.jar;C:\Users\joaopaulo.santos\.m2\repository\org\eclipse\jetty\jetty-io\9.4.8.v20171121\jetty-io-9.4.8.v20171121.jar;C:\Users\joaopaulo.santos\.m2\repository\org\eclipse\jetty\jetty-webapp\9.4.8.v20171121\jetty-webapp-9.4.8.v20171121.jar;C:\Users\joaopaulo.santos\.m2\repository\org\eclipse\jetty\jetty-xml\9.4.8.v20171121\jetty-xml-9.4.8.v20171121.jar;C:\Users\joaopaulo.santos\.m2\repository\org\eclipse\jetty\jetty-servlet\9.4.8.v20171121\jetty-servlet-9.4.8.v20171121.jar;C:\Users\joaopaulo.santos\.m2\repository\org\eclipse\jetty\jetty-security\9.4.8.v20171121\jetty-security-9.4.8.v20171121.jar;C:\Users\joaopaulo.santos\.m2\repository\org\eclipse\jetty\websocket\websocket-server\9.4.8.v20171121\websocket-server-9.4.8.v20171121.jar;C:\Users\joaopaulo.santos\.m2\repository\org\eclipse\jetty\websocket\websocket-common\9.4.8.v20171121\websocket-common-9.4.8.v20171121.jar;C:\Users\joaopaulo.santos\.m2\repository\org\eclipse\jetty\websocket\websocket-client\9.4.8.v20171121\websocket-client-9.4.8.v20171121.jar;C:\Users\joaopaulo.santos\.m2\repository\org\eclipse\jetty\jetty-client\9.4.8.v20171121\jetty-client-9.4.8.v20171121.jar;C:\Users\joaopaulo.santos\.m2\repository\org\eclipse\jetty\websocket\websocket-servlet\9.4.8.v20171121\websocket-servlet-9.4.8.v20171121.jar;C:\Users\joaopaulo.santos\.m2\repository\org\eclipse\jetty\websocket\websocket-api\9.4.8.v20171121\websocket-api-9.4.8.v20171121.jar;C:\Users\joaopaulo.santos\.m2\repository\org\slf4j\slf4j-simple\1.7.21\slf4j-simple-1.7.21.jar;C:\Users\joaopaulo.santos\.m2\repository\com\google\code\gson\gson\2.8.5\gson-2.8.5.jar;C:\Users\joaopaulo.santos\.m2\repository\junit\junit\4.12\junit-4.12.jar;C:\Users\joaopaulo.santos\.m2\repository\org\hamcrest\hamcrest-core\1.3\hamcrest-core-1.3.jar;C:\Users\joaopaulo.santos\.m2\repository\com\despegar\spark-test\1.1.8\spark-test-1.1.8.jar;C:\Users\joaopaulo.santos\.m2\repository\com\despegar\http-java-native-client\1.0.4\http-java-native-client-1.0.4.jar;"/>
    <property name="java.vm.vendor" value="Oracle Corporation"/>
    <property name="sun.arch.data.model" value="64"/>
    <property name="user.variant" value=""/>
    <property name="java.vendor.url" value="http://java.oracle.com/"/>
    <property name="user.timezone" value="America/Sao_Paulo"/>
    <property name="java.vm.specification.version" value="1.8"/>
    <property name="os.name" value="Windows 10"/>
    <property name="user.country" value="BR"/>
    <property name="sun.java.launcher" value="SUN_STANDARD"/>
    <property name="sun.boot.library.path" value="C:\Program Files\Java\jdk1.8.0_191\jre\bin"/>
    <property name="sun.java.command" value="C:\Users\JOAOPA~1.SAN\AppData\Local\Temp\surefire6772066682038086484\surefirebooter3469830150691124737.jar C:\Users\joaopaulo.santos\AppData\Local\Temp\surefire6772066682038086484 2019-01-17T15-16-33_518-jvmRun1 surefire1840002628684072330tmp surefire_01938119883503803380tmp"/>
    <property name="surefire.test.class.path" value="C:\Users\joaopaulo.santos\Downloads\eclipse\workspace\rest-api\target\test-classes;C:\Users\joaopaulo.santos\Downloads\eclipse\workspace\rest-api\target\classes;C:\Users\joaopaulo.santos\.m2\repository\com\sparkjava\spark-core\2.7.2\spark-core-2.7.2.jar;C:\Users\joaopaulo.santos\.m2\repository\org\slf4j\slf4j-api\1.7.13\slf4j-api-1.7.13.jar;C:\Users\joaopaulo.santos\.m2\repository\org\eclipse\jetty\jetty-server\9.4.8.v20171121\jetty-server-9.4.8.v20171121.jar;C:\Users\joaopaulo.santos\.m2\repository\javax\servlet\javax.servlet-api\3.1.0\javax.servlet-api-3.1.0.jar;C:\Users\joaopaulo.santos\.m2\repository\org\eclipse\jetty\jetty-http\9.4.8.v20171121\jetty-http-9.4.8.v20171121.jar;C:\Users\joaopaulo.santos\.m2\repository\org\eclipse\jetty\jetty-util\9.4.8.v20171121\jetty-util-9.4.8.v20171121.jar;C:\Users\joaopaulo.santos\.m2\repository\org\eclipse\jetty\jetty-io\9.4.8.v20171121\jetty-io-9.4.8.v20171121.jar;C:\Users\joaopaulo.santos\.m2\repository\org\eclipse\jetty\jetty-webapp\9.4.8.v20171121\jetty-webapp-9.4.8.v20171121.jar;C:\Users\joaopaulo.santos\.m2\repository\org\eclipse\jetty\jetty-xml\9.4.8.v20171121\jetty-xml-9.4.8.v20171121.jar;C:\Users\joaopaulo.santos\.m2\repository\org\eclipse\jetty\jetty-servlet\9.4.8.v20171121\jetty-servlet-9.4.8.v20171121.jar;C:\Users\joaopaulo.santos\.m2\repository\org\eclipse\jetty\jetty-security\9.4.8.v20171121\jetty-security-9.4.8.v20171121.jar;C:\Users\joaopaulo.santos\.m2\repository\org\eclipse\jetty\websocket\websocket-server\9.4.8.v20171121\websocket-server-9.4.8.v20171121.jar;C:\Users\joaopaulo.santos\.m2\repository\org\eclipse\jetty\websocket\websocket-common\9.4.8.v20171121\websocket-common-9.4.8.v20171121.jar;C:\Users\joaopaulo.santos\.m2\repository\org\eclipse\jetty\websocket\websocket-client\9.4.8.v20171121\websocket-client-9.4.8.v20171121.jar;C:\Users\joaopaulo.santos\.m2\repository\org\eclipse\jetty\jetty-client\9.4.8.v20171121\jetty-client-9.4.8.v20171121.jar;C:\Users\joaopaulo.santos\.m2\repository\org\eclipse\jetty\websocket\websocket-servlet\9.4.8.v20171121\websocket-servlet-9.4.8.v20171121.jar;C:\Users\joaopaulo.santos\.m2\repository\org\eclipse\jetty\websocket\websocket-api\9.4.8.v20171121\websocket-api-9.4.8.v20171121.jar;C:\Users\joaopaulo.santos\.m2\repository\org\slf4j\slf4j-simple\1.7.21\slf4j-simple-1.7.21.jar;C:\Users\joaopaulo.santos\.m2\repository\com\google\code\gson\gson\2.8.5\gson-2.8.5.jar;C:\Users\joaopaulo.santos\.m2\repository\junit\junit\4.12\junit-4.12.jar;C:\Users\joaopaulo.santos\.m2\repository\org\hamcrest\hamcrest-core\1.3\hamcrest-core-1.3.jar;C:\Users\joaopaulo.santos\.m2\repository\com\despegar\spark-test\1.1.8\spark-test-1.1.8.jar;C:\Users\joaopaulo.santos\.m2\repository\com\despegar\http-java-native-client\1.0.4\http-java-native-client-1.0.4.jar;"/>
    <property name="sun.cpu.endian" value="little"/>
    <property name="user.home" value="C:\Users\joaopaulo.santos"/>
    <property name="user.language" value="pt"/>
    <property name="java.specification.vendor" value="Oracle Corporation"/>
    <property name="java.home" value="C:\Program Files\Java\jdk1.8.0_191\jre"/>
    <property name="basedir" value="C:\Users\joaopaulo.santos\Downloads\eclipse\workspace\rest-api"/>
    <property name="file.separator" value="\"/>
    <property name="line.separator" value="&#10;"/>
    <property name="java.vm.specification.vendor" value="Oracle Corporation"/>
    <property name="java.specification.name" value="Java Platform API Specification"/>
    <property name="java.awt.graphicsenv" value="sun.awt.Win32GraphicsEnvironment"/>
    <property name="surefire.real.class.path" value="C:\Users\JOAOPA~1.SAN\AppData\Local\Temp\surefire6772066682038086484\surefirebooter3469830150691124737.jar"/>
    <property name="sun.boot.class.path" value="C:\Program Files\Java\jdk1.8.0_191\jre\lib\resources.jar;C:\Program Files\Java\jdk1.8.0_191\jre\lib\rt.jar;C:\Program Files\Java\jdk1.8.0_191\jre\lib\sunrsasign.jar;C:\Program Files\Java\jdk1.8.0_191\jre\lib\jsse.jar;C:\Program Files\Java\jdk1.8.0_191\jre\lib\jce.jar;C:\Program Files\Java\jdk1.8.0_191\jre\lib\charsets.jar;C:\Program Files\Java\jdk1.8.0_191\jre\lib\jfr.jar;C:\Program Files\Java\jdk1.8.0_191\jre\classes"/>
    <property name="user.script" value=""/>
    <property name="sun.management.compiler" value="HotSpot 64-Bit Tiered Compilers"/>
    <property name="java.runtime.version" value="1.8.0_191-b12"/>
    <property name="user.name" value="JoaoPaulo.Santos"/>
    <property name="path.separator" value=";"/>
    <property name="os.version" value="10.0"/>
    <property name="java.endorsed.dirs" value="C:\Program Files\Java\jdk1.8.0_191\jre\lib\endorsed"/>
    <property name="java.runtime.name" value="Java(TM) SE Runtime Environment"/>
    <property name="file.encoding" value="Cp1252"/>
    <property name="java.vm.name" value="Java HotSpot(TM) 64-Bit Server VM"/>
    <property name="localRepository" value="C:\Users\joaopaulo.santos\.m2\repository"/>
    <property name="java.vendor.url.bug" value="http://bugreport.sun.com/bugreport/"/>
    <property name="java.io.tmpdir" value="C:\Users\JOAOPA~1.SAN\AppData\Local\Temp\"/>
    <property name="java.version" value="1.8.0_191"/>
    <property name="user.dir" value="C:\Users\joaopaulo.santos\Downloads\eclipse\workspace\rest-api"/>
    <property name="os.arch" value="amd64"/>
    <property name="java.vm.specification.name" value="Java Virtual Machine Specification"/>
    <property name="java.awt.printerjob" value="sun.awt.windows.WPrinterJob"/>
    <property name="sun.os.patch.level" value=""/>
    <property name="java.library.path" value="C:\Program Files\Java\jdk1.8.0_191\jre\bin;C:\Windows\Sun\Java\bin;C:\Windows\system32;C:\Windows;C:\Program Files (x86)\Common Files\Oracle\Java\javapath;C:\Windows\system32;C:\Windows;C:\Windows\System32\Wbem;C:\Windows\System32\WindowsPowerShell\v1.0\;C:\Windows\System32\OpenSSH\;C:\Program Files\ibm\gsk8\lib64;C:\Program Files (x86)\ibm\gsk8\lib;C:\PROGRA~1\IBM\SQLLIB\BIN;C:\PROGRA~1\IBM\SQLLIB\FUNCTION;C:\PROGRA~1\IBM\SQLLIB\SAMPLES\REPL;C:\Program Files\TortoiseSVN\bin;c:\Program Files (x86)\Microsoft SQL Server\100\Tools\Binn\VSShell\Common7\IDE\;c:\Program Files (x86)\Microsoft SQL Server\100\Tools\Binn\;c:\Program Files\Microsoft SQL Server\100\Tools\Binn\;c:\Program Files (x86)\Microsoft SQL Server\100\DTS\Binn\;C:\SisbrIDE\sdk\Maven\bin;C:\Program Files\Java\jdk1.8.0_191;C:\Program Files\nodejs\;C:\Users\joaopaulo.santos\AppData\Local\Microsoft\WindowsApps;;C:\Users\joaopaulo.santos\AppData\Local\Programs\Microsoft VS Code\bin;C:\Users\joaopaulo.santos\AppData\Roaming\npm;."/>
    <property name="java.vm.info" value="mixed mode"/>
    <property name="java.vendor" value="Oracle Corporation"/>
    <property name="java.vm.version" value="25.191-b12"/>
    <property name="java.ext.dirs" value="C:\Program Files\Java\jdk1.8.0_191\jre\lib\ext;C:\Windows\Sun\Java\lib\ext"/>
    <property name="sun.io.unicode.encoding" value="UnicodeLittle"/>
    <property name="java.class.version" value="52.0"/>
  </properties>
  <testcase name="test1startDataBase" classname="com.checkpeople.controller.DeveloperControllerTest" time="0.16"/>
  <testcase name="test2addDeveloper" classname="com.checkpeople.controller.DeveloperControllerTest" time="0.008"/>
  <testcase name="test3addDeveloperReturnMessage" classname="com.checkpeople.controller.DeveloperControllerTest" time="0.022"/>
  <testcase name="test4updateDeveloper" classname="com.checkpeople.controller.DeveloperControllerTest" time="0.003"/>
  <testcase name="test5findById" classname="com.checkpeople.controller.DeveloperControllerTest" time="0.003"/>
  <testcase name="test6findByIdReturnMessage" classname="com.checkpeople.controller.DeveloperControllerTest" time="0.003"/>
  <testcase name="test7findAll" classname="com.checkpeople.controller.DeveloperControllerTest" time="0.003"/>
  <testcase name="test8removeDeveloper" classname="com.checkpeople.controller.DeveloperControllerTest" time="0.003"/>
  <testcase name="test9removeDeveloperNotFound" classname="com.checkpeople.controller.DeveloperControllerTest" time="0.001"/>
</testsuite>